<?xml version="1.0" encoding="UTF-8"?>
<testsuite name="Registration" tests="1" skipped="0" failures="1" errors="0" timestamp="2021-03-15T02:50:10" hostname="LAPTOP-E0U04B1D" time="51.838">
  <properties/>
  <testcase name="Pepito can register successfully" classname="Registration" time="51.838">
    <failure message="java.lang.AssertionError: &#10;Expected: &quot;Welcome to the world's largest community of freelance software testers!&quot;&#10;     but: was &quot;\n          Step 4: \n          The last step\n        &quot;" type="java.lang.AssertionError">java.lang.AssertionError: 
Expected: &quot;Welcome to the world's largest community of freelance software testers!&quot;
     but: was &quot;\n          Step 4: \n          The last step\n        &quot;
	at net.serenitybdd.screenplay.ErrorTally.throwSummaryExceptionFrom(ErrorTally.java:36)
	at net.serenitybdd.screenplay.ErrorTally.reportAnyErrors(ErrorTally.java:30)
	at net.serenitybdd.screenplay.Actor.should(Actor.java:316)
	at starter.stepdefinitions.SignupStepDefinitions.heSeesTheWelcomeMessagePage(SignupStepDefinitions.java:104)
	at âœ½.he sees the welcome message page(file:src/test/resources/features/signup/signup.feature:18)
</failure>
  </testcase>
  <system-out><![CDATA[@Test
Feature: Registration
  In order to use utest
  As a user
  I want to be able to register

  @Test
  Scenario: Pepito can register successfully ?[90m# src/test/resources/features/signup/signup.feature:7?[0m
21:50:10.615 [Test worker] INFO   - 
 _____ _____ ____ _____   ____ _____  _    ____ _____ _____ ____  
|_   _| ____/ ___|_   _| / ___|_   _|/ \  |  _ \_   _| ____|  _ \ 
  | | |  _| \___ \ | |   \___ \ | | / _ \ | |_) || | |  _| | | | |
  | | | |___ ___) || |    ___) || |/ ___ \|  _ < | | | |___| |_| |
  |_| |_____|____/ |_|   |____/ |_/_/   \_\_| \_\|_| |_____|____/ 

Pepito can register successfully(registration;pepito-can-register-successfully)
-------------------------------------------------------------------
21:50:11.786 [Test worker] INFO  n.s.c.w.d.ProvideNewDriver - Instantiating driver
21:50:11.787 [Test worker] INFO  n.s.c.w.d.ProvideNewDriver - Driver capabilities: Capabilities {acceptInsecureCerts: false, browserName: chrome, chrome.switches: --start-maximized;--test-ty..., goog:chromeOptions: {args: [--start-maximized, --test-type, --no-sandbox, --ignore-certificate-errors..., --disable-popup-blocking, --disable-default-apps, --disable-extensions-file-a..., --incognito, --disable-infobars, --disable-gpu], extensions: []}, loggingPrefs: org.openqa.selenium.logging..., platform: ANY, version: }
    ?[32mGiven ?[0m?[32m?[0m?[32m?[1mPepito?[0m?[32m is in the home page?[0m         ?[90m# SignupStepDefinitions.isInTheHomePage(String)?[0m
    ?[32mAnd ?[0m?[32mHe clicks the sign up button?[0m         ?[90m# SignupStepDefinitions.heClicksTheSignUpButton()?[0m
    ?[32mAnd ?[0m?[32mHe sees the first registration step?[0m  ?[90m# SignupStepDefinitions.heSeesTheFirstRegistrationStep()?[0m
    ?[32mAnd ?[0m?[32mHe fills the first form step?[0m         ?[90m# SignupStepDefinitions.heFillsTheFirstFormStep()?[0m
    ?[32mAnd ?[0m?[32mHe sees the second registration step?[0m ?[90m# SignupStepDefinitions.heSeesTheSecondRegistrationStep()?[0m
    ?[32mAnd ?[0m?[32mHe fills the second form step?[0m        ?[90m# SignupStepDefinitions.heFillsTheSecondFormStep()?[0m
    ?[32mAnd ?[0m?[32mHe sees the third registration step?[0m  ?[90m# SignupStepDefinitions.heSeesTheThirdRegistrationStep()?[0m
    ?[32mAnd ?[0m?[32mHe fills the third form step?[0m         ?[90m# SignupStepDefinitions.heFillsTheThirdFormStep()?[0m
    ?[32mAnd ?[0m?[32mHe sees the fourth registration step?[0m ?[90m# SignupStepDefinitions.heSeesTheFourthRegistrationStep()?[0m
    ?[32mWhen ?[0m?[32mHe fills the fourth form step?[0m       ?[90m# SignupStepDefinitions.heFillsTheFourthFormStep()?[0m
    ?[31mThen ?[0m?[31mhe sees the welcome message page?[0m    ?[90m# SignupStepDefinitions.heSeesTheWelcomeMessagePage()?[0m
      ?[31mjava.lang.AssertionError: 
Expected: "Welcome to the world's largest community of freelance software testers!"
     but: was "\n          Step 4: \n          The last step\n        "
	at net.serenitybdd.screenplay.ErrorTally.throwSummaryExceptionFrom(ErrorTally.java:36)
	at net.serenitybdd.screenplay.ErrorTally.reportAnyErrors(ErrorTally.java:30)
	at net.serenitybdd.screenplay.Actor.should(Actor.java:316)
	at starter.stepdefinitions.SignupStepDefinitions.heSeesTheWelcomeMessagePage(SignupStepDefinitions.java:104)
	at ?.he sees the welcome message page(file:src/test/resources/features/signup/signup.feature:18)
?[0m
]]></system-out>
  <system-err><![CDATA[Mar 14, 2021 9:50:11 PM org.openqa.selenium.remote.DesiredCapabilities chrome
INFO: Using `new ChromeOptions()` is preferred to `DesiredCapabilities.chrome()`
Starting ChromeDriver 89.0.4389.23 (61b08ee2c50024bab004e48d2b1b083cdbdac579-refs/branch-heads/4389@{#294}) on port 9222
Only local connections are allowed.
Please see https://chromedriver.chromium.org/security-considerations for suggestions on keeping ChromeDriver safe.
ChromeDriver was started successfully.
Mar 14, 2021 9:50:13 PM org.openqa.selenium.remote.ProtocolHandshake createSession
INFO: Detected dialect: W3C
]]></system-err>
</testsuite>
